<?xml version="1.0" encoding="UTF-8"?>
<testsuite xmlns:xsi="http://www.w3.org/2001/XMLSchema-instance" xsi:noNamespaceSchemaLocation="https://maven.apache.org/surefire/maven-surefire-plugin/xsd/surefire-test-report.xsd" name="LoginCourierTest" time="61.854" tests="5" errors="1" skipped="0" failures="0">
  <properties>
[...]
</properties>
  <testcase name="loginCourierIncorrectLogin" classname="LoginCourierTest" time="0.145"/>
  <testcase name="loginCourierFatal" classname="LoginCourierTest" time="60.187">
    <error message="Expected response body to be verified as JSON, HTML or XML but no content-type was defined in the response.&#10;Try registering a default parser using:&#10;   RestAssured.defaultParser(&lt;parser type&gt;);&#10;Content was:&#10;Service unavailable&#10;" type="java.lang.IllegalStateException"><![CDATA[java.lang.IllegalStateException: 
Expected response body to be verified as JSON, HTML or XML but no content-type was defined in the response.
Try registering a default parser using:
   RestAssured.defaultParser(<parser type>);
Content was:
Service unavailable

	at LoginCourierTest.loginCourierFatal(LoginCourierTest.java:71)
]]></error>
    <system-out><![CDATA[Request method:	POST
Request URI:	http://qa-scooter.praktikum-services.ru/api/v1/courier/login
Proxy:			<none>
Request params:	<none>
Query params:	<none>
Form params:	<none>
Path params:	<none>
Headers:		Accept=*/*
				Content-Type=application/json
Cookies:		<none>
Multiparts:		<none>
Body:			<none>
HTTP/1.1 504 Gateway time out
Content-Length: 19
Set-Cookie: _yasc=ekDIkvlD2sgCVIm0xQdRrDExEK26SRADIgKiEMA9BtvyGg==; domain=.praktikum-services.ru; path=/; expires=Fri, 02-Sep-2022 18:43:25 GMT; secure
X-Request-Id: 1659552205927162-14266893934711949777

Service unavailable
]]></system-out>
  </testcase>
  <testcase name="loginCourierNoLogin" classname="LoginCourierTest" time="1.151"/>
  <testcase name="loginCourierNoPassword" classname="LoginCourierTest" time="0.162"/>
  <testcase name="loginCourierIncorrectPassword" classname="LoginCourierTest" time="0.198"/>
</testsuite>